<?xml version="1.0" encoding="UTF-8"?>
<testng-results ignored="0" total="1" passed="1" failed="0" skipped="0">
  <reporter-output>
  </reporter-output>
  <suite started-at="2024-09-07T17:33:23 BDT" name="Default suite" finished-at="2024-09-07T17:34:13 BDT" duration-ms="50810">
    <groups>
    </groups>
    <test started-at="2024-09-07T17:33:23 BDT" name="Default test" finished-at="2024-09-07T17:34:13 BDT" duration-ms="50810">
      <class name="framework.automation.tests.LoginTest">
        <test-method is-config="true" signature="start()[pri:0, instance:framework.automation.tests.LoginTest@55cb6996]" started-at="2024-09-07T17:33:20 BDT" name="start" finished-at="2024-09-07T17:33:23 BDT" duration-ms="2699" status="PASS">
          <reporter-output>
          </reporter-output>
        </test-method> <!-- start -->
        <test-method is-config="true" signature="openUrl()[pri:0, instance:framework.automation.tests.LoginTest@55cb6996]" started-at="2024-09-07T17:33:23 BDT" name="openUrl" finished-at="2024-09-07T17:33:44 BDT" duration-ms="21668" status="PASS">
          <reporter-output>
          </reporter-output>
        </test-method> <!-- openUrl -->
        <test-method signature="testLoginMethod()[pri:0, instance:framework.automation.tests.LoginTest@55cb6996]" started-at="2024-09-07T17:33:44 BDT" name="testLoginMethod" finished-at="2024-09-07T17:34:13 BDT" duration-ms="28232" status="PASS">
          <reporter-output>
          </reporter-output>
        </test-method> <!-- testLoginMethod -->
        <test-method is-config="true" signature="report()[pri:0, instance:framework.automation.tests.LoginTest@55cb6996]" started-at="2024-09-07T17:34:13 BDT" name="report" finished-at="2024-09-07T17:34:13 BDT" duration-ms="811" status="PASS">
          <reporter-output>
          </reporter-output>
        </test-method> <!-- report -->
        <test-method is-config="true" signature="close()[pri:0, instance:framework.automation.tests.LoginTest@55cb6996]" started-at="2024-09-07T17:34:13 BDT" name="close" finished-at="2024-09-07T17:34:14 BDT" duration-ms="298" status="PASS">
          <reporter-output>
          </reporter-output>
        </test-method> <!-- close -->
      </class> <!-- framework.automation.tests.LoginTest -->
    </test> <!-- Default test -->
  </suite> <!-- Default suite -->
</testng-results>
