<?xml version="1.0" encoding="UTF-8"?>
<!-- Generated by org.testng.reporters.JUnitXMLReporter -->
<testsuite ignored="2" hostname="DESKTOP-8JLKFVT" failures="0" tests="2" name="Automation" time="48.742" errors="0" timestamp="2024-09-05T22:43:29 BDT">
  <testcase classname="framework.automation.tests.LoginTest" name="testLoginMethod" time="26.877"/>
  <testcase classname="framework.automation.tests.EmployeeTest" name="addEmployee" time="0.019"/>
  <testcase classname="framework.automation.drivers.BaseDriver" name="@BeforeSuite start" time="0.0">
    <ignored/>
  </testcase> <!-- @BeforeSuite start -->
  <testcase classname="framework.automation.drivers.BaseDriver" name="@AfterSuite close" time="0.0">
    <ignored/>
  </testcase> <!-- @AfterSuite close -->
</testsuite> <!-- Automation -->
